SF:lib\main.dart
DA:6,0
DA:7,0
DA:10,0
DA:13,0
DA:15,0
DA:19,1
DA:21,1
DA:23,1
DA:26,1
LF:9
LH:4
end_of_record
SF:lib\screens\home_screen.dart
DA:11,1
DA:13,1
DA:14,1
DA:21,1
DA:23,2
DA:24,1
DA:27,1
DA:28,1
DA:29,1
DA:30,1
DA:31,1
DA:35,1
DA:36,3
DA:37,4
DA:38,1
DA:40,1
DA:42,1
DA:43,3
DA:44,3
DA:48,1
DA:50,1
DA:52,1
DA:53,1
DA:54,1
DA:56,1
DA:57,1
DA:58,1
DA:61,1
DA:63,1
DA:64,1
DA:65,1
DA:66,1
DA:67,1
DA:109,1
DA:110,1
DA:112,2
DA:127,1
DA:128,2
DA:129,1
DA:146,1
DA:147,1
DA:151,1
DA:152,1
DA:173,1
DA:175,1
DA:176,1
DA:234,1
DA:236,1
DA:237,2
DA:238,1
DA:241,1
DA:243,2
DA:244,2
DA:245,1
DA:248,1
DA:249,1
DA:250,1
DA:251,4
DA:252,4
DA:253,2
DA:254,2
DA:255,0
DA:256,0
DA:263,0
DA:264,0
DA:265,0
DA:266,0
DA:271,0
DA:275,0
DA:276,0
DA:277,0
DA:278,0
DA:282,1
DA:284,2
DA:285,1
DA:286,2
DA:287,1
DA:288,2
DA:289,2
DA:291,1
DA:292,1
DA:293,1
DA:295,1
DA:304,1
DA:305,0
DA:311,1
DA:312,1
DA:313,1
DA:314,1
DA:315,2
DA:317,1
DA:318,2
DA:320,1
DA:321,1
DA:322,1
DA:324,1
DA:327,1
DA:328,1
DA:330,1
DA:332,1
DA:333,1
DA:334,1
DA:335,2
DA:336,2
DA:345,0
DA:346,0
DA:351,1
DA:353,1
DA:354,1
DA:356,1
DA:358,1
DA:360,1
DA:363,1
DA:364,1
DA:381,1
DA:383,1
DA:384,2
DA:385,2
DA:389,1
DA:392,2
DA:398,1
DA:399,1
DA:400,6
LF:123
LH:109
end_of_record
SF:lib\services\game_engine.dart
DA:10,1
DA:12,4
DA:13,4
DA:16,2
DA:18,0
DA:19,0
DA:25,1
DA:39,2
DA:40,0
DA:41,2
DA:44,1
DA:45,2
DA:46,2
DA:47,1
DA:50,1
DA:51,2
DA:52,2
DA:53,2
DA:55,2
DA:60,1
DA:61,1
DA:62,1
DA:63,2
DA:64,2
DA:68,3
DA:70,3
DA:72,2
DA:75,1
DA:80,0
DA:81,0
DA:82,0
DA:83,0
DA:84,0
DA:86,0
DA:87,0
DA:88,0
DA:91,0
DA:92,0
DA:96,0
DA:99,0
DA:104,0
DA:105,0
DA:107,0
DA:108,0
DA:110,0
DA:111,0
DA:113,0
DA:115,0
DA:117,0
DA:118,0
DA:119,0
DA:120,0
DA:121,0
DA:122,0
DA:123,0
DA:126,0
LF:56
LH:25
end_of_record
SF:lib\core\audio\audio_service.dart
DA:7,1
DA:8,3
DA:20,0
DA:21,0
DA:23,0
DA:24,0
DA:27,0
DA:28,0
DA:29,0
DA:30,0
DA:31,0
DA:34,0
DA:42,0
DA:44,0
DA:48,0
DA:49,0
DA:50,3
DA:51,0
DA:52,0
DA:54,1
DA:55,1
DA:57,1
DA:58,0
DA:60,0
DA:64,0
DA:65,0
DA:66,0
DA:67,0
DA:68,0
DA:69,0
LF:30
LH:6
end_of_record
SF:lib\core\haptic\haptic_service.dart
DA:7,1
DA:9,1
DA:11,0
DA:15,1
DA:17,1
DA:19,0
DA:23,0
DA:25,0
DA:27,0
DA:31,0
DA:33,0
DA:35,0
DA:39,0
DA:42,0
DA:43,0
DA:44,0
DA:46,0
LF:17
LH:4
end_of_record
SF:lib\core\theme\app_theme.dart
DA:22,1
DA:23,1
DA:25,1
DA:31,1
DA:32,1
DA:36,1
DA:37,1
DA:47,1
DA:48,1
DA:51,1
DA:52,1
DA:57,1
DA:60,1
DA:61,1
DA:62,2
DA:64,1
DA:65,1
DA:66,2
DA:68,1
DA:69,1
DA:72,1
DA:73,1
DA:85,0
DA:86,0
DA:90,0
LF:25
LH:22
end_of_record
SF:lib\models\question_result.dart
DA:6,1
LF:1
LH:1
end_of_record
SF:lib\models\round_result.dart
DA:9,0
DA:18,0
DA:19,0
DA:22,0
LF:4
LH:0
end_of_record
SF:lib\screens\game_screen.dart
DA:15,1
DA:19,1
DA:20,1
DA:32,3
DA:34,1
DA:36,1
DA:37,2
DA:40,1
DA:42,1
DA:43,1
DA:44,1
DA:48,0
DA:49,0
DA:50,0
DA:51,0
DA:55,0
DA:56,0
DA:57,0
DA:58,0
DA:59,0
DA:60,0
DA:63,0
DA:64,0
DA:66,0
DA:67,0
DA:68,0
DA:69,0
DA:74,0
DA:75,0
DA:76,0
DA:77,0
DA:79,0
DA:80,0
DA:84,0
DA:86,0
DA:87,0
DA:88,0
DA:89,0
DA:90,0
DA:91,0
DA:92,0
DA:93,0
DA:98,0
DA:99,0
DA:100,0
DA:101,0
DA:102,0
DA:108,0
DA:109,0
DA:111,0
DA:115,0
DA:116,0
DA:118,0
DA:119,0
DA:123,0
DA:124,0
DA:125,0
DA:126,0
DA:128,0
DA:129,0
DA:134,1
DA:135,2
DA:136,2
DA:140,1
DA:142,1
DA:144,1
DA:145,1
DA:147,1
DA:148,1
DA:149,2
DA:150,1
DA:151,1
DA:153,0
DA:164,0
DA:165,0
DA:166,0
DA:167,0
DA:168,0
DA:169,0
DA:181,1
DA:186,1
DA:188,1
DA:189,1
DA:190,2
DA:191,3
DA:200,0
DA:214,0
DA:216,0
DA:218,0
DA:219,0
DA:220,0
DA:222,0
DA:226,0
DA:228,0
DA:230,0
DA:231,0
DA:234,0
DA:238,0
DA:239,0
DA:240,0
DA:245,0
DA:249,0
DA:250,0
DA:251,0
DA:252,0
DA:255,0
DA:256,0
DA:270,1
DA:275,1
DA:277,2
DA:279,1
DA:281,1
DA:283,1
DA:284,1
DA:286,1
DA:288,1
DA:290,1
DA:291,5
DA:299,1
DA:302,1
DA:304,1
DA:306,1
DA:307,1
DA:308,1
DA:314,1
DA:315,2
DA:316,1
DA:332,0
DA:336,0
DA:338,0
DA:339,0
DA:340,0
DA:341,0
DA:343,0
DA:344,0
DA:347,0
DA:348,0
DA:357,0
DA:361,0
DA:363,0
DA:364,0
DA:365,0
DA:366,0
DA:369,0
LF:144
LH:49
end_of_record
SF:lib\widgets\answer_button.dart
DA:5,0
DA:16,0
DA:18,0
DA:23,0
DA:24,0
DA:25,0
DA:27,0
DA:28,0
DA:29,0
DA:32,0
DA:33,0
DA:35,0
DA:36,0
DA:37,0
DA:38,0
DA:44,0
DA:47,0
DA:49,0
DA:50,0
DA:51,0
DA:60,0
LF:21
LH:0
end_of_record
SF:lib\widgets\countdown_widget.dart
DA:7,1
DA:11,1
DA:12,1
DA:26,1
DA:28,1
DA:30,2
DA:34,3
DA:35,2
DA:37,3
DA:38,2
DA:41,1
DA:42,2
DA:44,2
DA:45,0
DA:46,0
DA:47,0
DA:48,0
DA:49,0
DA:52,0
DA:53,0
DA:54,0
DA:55,0
DA:56,0
DA:60,1
DA:61,4
DA:64,0
DA:65,0
DA:67,2
DA:68,1
DA:72,1
DA:74,2
DA:75,2
DA:76,1
DA:79,1
DA:81,4
DA:83,1
DA:84,1
DA:85,1
DA:86,1
DA:87,1
DA:88,1
DA:89,2
DA:90,1
LF:43
LH:31
end_of_record
SF:lib\widgets\question_card.dart
DA:5,0
DA:9,0
DA:11,0
DA:14,0
DA:16,0
DA:17,0
DA:18,0
DA:19,0
DA:25,0
DA:26,0
LF:10
LH:0
end_of_record
SF:lib\screens\result_screen.dart
DA:10,0
DA:14,0
DA:16,0
DA:18,0
DA:19,0
DA:20,0
DA:21,0
DA:22,0
DA:23,0
DA:24,0
DA:25,0
DA:26,0
DA:27,0
DA:38,0
DA:41,0
DA:43,0
DA:45,0
DA:47,0
DA:57,0
DA:58,0
DA:71,0
DA:74,0
DA:76,0
DA:78,0
DA:79,0
DA:80,0
DA:81,0
DA:83,0
DA:88,0
DA:90,0
DA:96,0
DA:97,0
DA:99,0
DA:104,0
DA:106,0
DA:112,0
DA:113,0
DA:115,0
DA:120,0
DA:122,0
DA:136,0
DA:139,0
DA:141,0
DA:143,0
DA:144,0
DA:145,0
DA:147,0
DA:148,0
DA:149,0
DA:151,0
DA:153,0
DA:155,0
DA:157,0
DA:158,0
DA:159,0
DA:160,0
DA:166,0
DA:168,0
DA:181,0
DA:183,0
DA:184,0
DA:185,0
DA:188,0
DA:189,0
DA:193,0
DA:194,0
DA:195,0
DA:198,0
DA:199,0
DA:207,0
DA:208,0
DA:210,0
DA:211,0
DA:212,0
DA:213,0
DA:214,0
DA:217,0
DA:218,0
DA:234,0
DA:236,0
DA:238,0
DA:239,0
DA:240,0
DA:245,0
DA:246,0
DA:247,0
DA:254,0
DA:256,0
DA:273,0
DA:276,0
DA:278,0
DA:280,0
DA:282,0
DA:292,0
DA:302,0
DA:305,0
DA:307,0
DA:309,0
DA:310,0
DA:311,0
DA:312,0
DA:313,0
DA:314,0
DA:327,0
DA:339,0
DA:341,0
DA:342,0
DA:344,0
DA:346,0
DA:347,0
DA:348,0
DA:349,0
DA:355,0
DA:356,0
DA:357,0
DA:359,0
DA:360,0
DA:361,0
DA:363,0
DA:366,0
DA:367,0
DA:369,0
DA:370,0
DA:371,0
DA:378,0
DA:379,0
DA:396,0
DA:399,0
DA:401,0
DA:404,0
DA:406,0
DA:407,0
DA:408,0
DA:409,0
DA:414,0
DA:415,0
DA:416,0
DA:419,0
DA:421,0
DA:424,0
DA:425,0
DA:434,0
DA:435,0
DA:437,0
DA:438,0
DA:439,0
DA:447,0
DA:448,0
LF:148
LH:0
end_of_record
